<?xml version="1.0" encoding="UTF-8"?>
<TestRun id="52c0aed8-bb21-48bc-b592-a28e25c262c1" name="lanfengqi@LANFENGQI-PC 2011-08-12 18:00:14" runUser="lanfengqi-PC\lanfengqi" xmlns="http://microsoft.com/schemas/VisualStudio/TeamTest/2010">
  <TestSettings name="Local" id="224a7e31-8997-4a64-ae64-2d6254c7d994">
    <Description>These are default test settings for a local test run.</Description>
    <Deployment enabled="false" runDeploymentRoot="lanfengqi_LANFENGQI-PC 2011-08-12 18_00_14">
      <DeploymentItem filename="E:\010.app\Infrastructure.CrossCutting.NetFramework\bin\Debug\Infrastructure.CrossCutting.NetFramework.dll" />
      <DeploymentItem filename="E:\010.app\Infrastructure.CrossCutting\bin\Debug\Infrastructure.CrossCutting.dll" />
    </Deployment>
    <Execution>
      <TestTypeSpecific />
      <AgentRule name="Execution Agents">
      </AgentRule>
    </Execution>
  </TestSettings>
  <Times creation="2011-08-12T18:00:14.9594801-07:00" queuing="2011-08-12T18:00:22.3919052-07:00" start="2011-08-12T18:00:22.7829276-07:00" finish="2011-08-12T18:01:45.7116708-07:00" />
  <ResultSummary outcome="Error">
    <Counters total="10" executed="1" error="0" failed="0" timeout="0" aborted="1" inconclusive="0" passedButRunAborted="0" notRunnable="0" notExecuted="9" disconnected="0" warning="0" passed="0" completed="0" inProgress="0" pending="0" />
    <RunInfos>
      <RunInfo computerName="LANFENGQI-PC" outcome="Error" timestamp="2011-08-12T18:01:45.7026703-07:00">
        <Text>Test host process exited unexpectedly.</Text>
      </RunInfo>
    </RunInfos>
  </ResultSummary>
  <TestDefinitions>
    <UnitTest name="TraceStopTest" storage="e:\010.app\infrastructure.crosscutting.netframework.tests\bin\debug\infrastructure.crosscutting.netframework.tests.dll" id="927b5717-48ef-e899-ef0c-616681c3927b">
      <Execution id="3366d23d-6ee6-40e7-9ff7-f911db1a4130" />
      <TestMethod codeBase="E:/010.app/Infrastructure.CrossCutting.NetFramework.Tests/bin/Debug/Infrastructure.CrossCutting.NetFramework.Tests.DLL" adapterTypeName="Microsoft.VisualStudio.TestTools.TestTypes.Unit.UnitTestAdapter, Microsoft.VisualStudio.QualityTools.Tips.UnitTest.Adapter, Version=10.0.0.0, Culture=neutral, PublicKeyToken=b03f5f7f11d50a3a" className="Infrastructure.CrossCutting.NetFramework.Tests.TraceManagerTest, Infrastructure.CrossCutting.NetFramework.Tests, Version=1.0.0.0, Culture=neutral, PublicKeyToken=null" name="TraceStopTest" />
    </UnitTest>
    <UnitTest name="TraceInfoTest" storage="e:\010.app\infrastructure.crosscutting.netframework.tests\bin\debug\infrastructure.crosscutting.netframework.tests.dll" id="e9112083-de5a-8561-baaa-e3e1d88282f6">
      <Execution id="ddad8860-042a-4abb-af9c-318d02827894" />
      <TestMethod codeBase="E:/010.app/Infrastructure.CrossCutting.NetFramework.Tests/bin/Debug/Infrastructure.CrossCutting.NetFramework.Tests.DLL" adapterTypeName="Microsoft.VisualStudio.TestTools.TestTypes.Unit.UnitTestAdapter, Microsoft.VisualStudio.QualityTools.Tips.UnitTest.Adapter, Version=10.0.0.0, Culture=neutral, PublicKeyToken=b03f5f7f11d50a3a" className="Infrastructure.CrossCutting.NetFramework.Tests.TraceManagerTest, Infrastructure.CrossCutting.NetFramework.Tests, Version=1.0.0.0, Culture=neutral, PublicKeyToken=null" name="TraceInfoTest" />
    </UnitTest>
    <UnitTest name="TraceCriticalTest" storage="e:\010.app\infrastructure.crosscutting.netframework.tests\bin\debug\infrastructure.crosscutting.netframework.tests.dll" id="3897317a-4be0-b0e4-9186-bfbde7c62c29">
      <Execution id="5f9cd9db-dc76-4e96-9e3a-fc13a9a02d7b" />
      <TestMethod codeBase="E:/010.app/Infrastructure.CrossCutting.NetFramework.Tests/bin/Debug/Infrastructure.CrossCutting.NetFramework.Tests.DLL" adapterTypeName="Microsoft.VisualStudio.TestTools.TestTypes.Unit.UnitTestAdapter, Microsoft.VisualStudio.QualityTools.Tips.UnitTest.Adapter, Version=10.0.0.0, Culture=neutral, PublicKeyToken=b03f5f7f11d50a3a" className="Infrastructure.CrossCutting.NetFramework.Tests.TraceManagerTest, Infrastructure.CrossCutting.NetFramework.Tests, Version=1.0.0.0, Culture=neutral, PublicKeyToken=null" name="TraceCriticalTest" />
    </UnitTest>
    <UnitTest name="TraceManagerConstructorTest" storage="e:\010.app\infrastructure.crosscutting.netframework.tests\bin\debug\infrastructure.crosscutting.netframework.tests.dll" id="1128877a-8f43-c94e-983c-f5016a482185">
      <Execution id="4ebfa675-e984-4aad-a9bb-c18751a16781" />
      <TestMethod codeBase="E:/010.app/Infrastructure.CrossCutting.NetFramework.Tests/bin/Debug/Infrastructure.CrossCutting.NetFramework.Tests.DLL" adapterTypeName="Microsoft.VisualStudio.TestTools.TestTypes.Unit.UnitTestAdapter, Microsoft.VisualStudio.QualityTools.Tips.UnitTest.Adapter, Version=10.0.0.0, Culture=neutral, PublicKeyToken=b03f5f7f11d50a3a" className="Infrastructure.CrossCutting.NetFramework.Tests.TraceManagerTest, Infrastructure.CrossCutting.NetFramework.Tests, Version=1.0.0.0, Culture=neutral, PublicKeyToken=null" name="TraceManagerConstructorTest" />
    </UnitTest>
    <UnitTest name="TraceStartTest" storage="e:\010.app\infrastructure.crosscutting.netframework.tests\bin\debug\infrastructure.crosscutting.netframework.tests.dll" id="d147e39d-6b77-5f8a-4fb6-8f9a020838e1">
      <Execution id="22926148-51d0-4146-9c22-c273776adc26" />
      <TestMethod codeBase="E:/010.app/Infrastructure.CrossCutting.NetFramework.Tests/bin/Debug/Infrastructure.CrossCutting.NetFramework.Tests.DLL" adapterTypeName="Microsoft.VisualStudio.TestTools.TestTypes.Unit.UnitTestAdapter, Microsoft.VisualStudio.QualityTools.Tips.UnitTest.Adapter, Version=10.0.0.0, Culture=neutral, PublicKeyToken=b03f5f7f11d50a3a" className="Infrastructure.CrossCutting.NetFramework.Tests.TraceManagerTest, Infrastructure.CrossCutting.NetFramework.Tests, Version=1.0.0.0, Culture=neutral, PublicKeyToken=null" name="TraceStartTest" />
    </UnitTest>
    <UnitTest name="TraceInternalTest" storage="e:\010.app\infrastructure.crosscutting.netframework.tests\bin\debug\infrastructure.crosscutting.netframework.tests.dll" id="aa6cfc72-1369-81c8-9c24-d41925ae8c68">
      <DeploymentItems>
        <DeploymentItem filename="Infrastructure.CrossCutting.NetFramework.dll" />
      </DeploymentItems>
      <Execution id="450d0ae4-b441-49d0-b7a0-2b6fa7160812" />
      <TestMethod codeBase="E:/010.app/Infrastructure.CrossCutting.NetFramework.Tests/bin/Debug/Infrastructure.CrossCutting.NetFramework.Tests.DLL" adapterTypeName="Microsoft.VisualStudio.TestTools.TestTypes.Unit.UnitTestAdapter, Microsoft.VisualStudio.QualityTools.Tips.UnitTest.Adapter, Version=10.0.0.0, Culture=neutral, PublicKeyToken=b03f5f7f11d50a3a" className="Infrastructure.CrossCutting.NetFramework.Tests.TraceManagerTest, Infrastructure.CrossCutting.NetFramework.Tests, Version=1.0.0.0, Culture=neutral, PublicKeyToken=null" name="TraceInternalTest" />
    </UnitTest>
    <UnitTest name="TraceWarningTest" storage="e:\010.app\infrastructure.crosscutting.netframework.tests\bin\debug\infrastructure.crosscutting.netframework.tests.dll" id="8592cae3-095f-7efb-5c2a-5e3403c2e27b">
      <Execution id="3a994fce-cd38-42ae-95bf-1719352cb9bc" />
      <TestMethod codeBase="E:/010.app/Infrastructure.CrossCutting.NetFramework.Tests/bin/Debug/Infrastructure.CrossCutting.NetFramework.Tests.DLL" adapterTypeName="Microsoft.VisualStudio.TestTools.TestTypes.Unit.UnitTestAdapter, Microsoft.VisualStudio.QualityTools.Tips.UnitTest.Adapter, Version=10.0.0.0, Culture=neutral, PublicKeyToken=b03f5f7f11d50a3a" className="Infrastructure.CrossCutting.NetFramework.Tests.TraceManagerTest, Infrastructure.CrossCutting.NetFramework.Tests, Version=1.0.0.0, Culture=neutral, PublicKeyToken=null" name="TraceWarningTest" />
    </UnitTest>
    <UnitTest name="TraceErrorTest" storage="e:\010.app\infrastructure.crosscutting.netframework.tests\bin\debug\infrastructure.crosscutting.netframework.tests.dll" id="8979fc32-abb9-1a2a-1f95-b091a1f14d74">
      <Execution id="ff8e8523-b39f-4e35-aedd-3a66fc01b632" />
      <TestMethod codeBase="E:/010.app/Infrastructure.CrossCutting.NetFramework.Tests/bin/Debug/Infrastructure.CrossCutting.NetFramework.Tests.DLL" adapterTypeName="Microsoft.VisualStudio.TestTools.TestTypes.Unit.UnitTestAdapter, Microsoft.VisualStudio.QualityTools.Tips.UnitTest.Adapter, Version=10.0.0.0, Culture=neutral, PublicKeyToken=b03f5f7f11d50a3a" className="Infrastructure.CrossCutting.NetFramework.Tests.TraceManagerTest, Infrastructure.CrossCutting.NetFramework.Tests, Version=1.0.0.0, Culture=neutral, PublicKeyToken=null" name="TraceErrorTest" />
    </UnitTest>
    <UnitTest name="TraceStartLogicalOperationTest" storage="e:\010.app\infrastructure.crosscutting.netframework.tests\bin\debug\infrastructure.crosscutting.netframework.tests.dll" id="51e1a4c7-c4b1-8262-78d3-f51a7b8ffd42">
      <Execution id="dfda6fd8-8d30-4cce-a423-480214303efc" />
      <TestMethod codeBase="E:/010.app/Infrastructure.CrossCutting.NetFramework.Tests/bin/Debug/Infrastructure.CrossCutting.NetFramework.Tests.DLL" adapterTypeName="Microsoft.VisualStudio.TestTools.TestTypes.Unit.UnitTestAdapter, Microsoft.VisualStudio.QualityTools.Tips.UnitTest.Adapter, Version=10.0.0.0, Culture=neutral, PublicKeyToken=b03f5f7f11d50a3a" className="Infrastructure.CrossCutting.NetFramework.Tests.TraceManagerTest, Infrastructure.CrossCutting.NetFramework.Tests, Version=1.0.0.0, Culture=neutral, PublicKeyToken=null" name="TraceStartLogicalOperationTest" />
    </UnitTest>
    <UnitTest name="TraceStopLogicalOperationTest" storage="e:\010.app\infrastructure.crosscutting.netframework.tests\bin\debug\infrastructure.crosscutting.netframework.tests.dll" id="bc9936cb-393f-3654-d75f-32ac6126e605">
      <Execution id="1e68c80f-8cb9-40d3-bca1-9264d2970dde" />
      <TestMethod codeBase="E:/010.app/Infrastructure.CrossCutting.NetFramework.Tests/bin/Debug/Infrastructure.CrossCutting.NetFramework.Tests.DLL" adapterTypeName="Microsoft.VisualStudio.TestTools.TestTypes.Unit.UnitTestAdapter, Microsoft.VisualStudio.QualityTools.Tips.UnitTest.Adapter, Version=10.0.0.0, Culture=neutral, PublicKeyToken=b03f5f7f11d50a3a" className="Infrastructure.CrossCutting.NetFramework.Tests.TraceManagerTest, Infrastructure.CrossCutting.NetFramework.Tests, Version=1.0.0.0, Culture=neutral, PublicKeyToken=null" name="TraceStopLogicalOperationTest" />
    </UnitTest>
  </TestDefinitions>
  <TestLists>
    <TestList name="Results Not in a List" id="8c84fa94-04c1-424b-9868-57a2d4851a1d" />
    <TestList name="All Loaded Results" id="19431567-8539-422a-85d7-44ee4e166bda" />
  </TestLists>
  <TestEntries>
    <TestEntry testId="1128877a-8f43-c94e-983c-f5016a482185" executionId="4ebfa675-e984-4aad-a9bb-c18751a16781" testListId="8c84fa94-04c1-424b-9868-57a2d4851a1d" />
    <TestEntry testId="3897317a-4be0-b0e4-9186-bfbde7c62c29" executionId="5f9cd9db-dc76-4e96-9e3a-fc13a9a02d7b" testListId="8c84fa94-04c1-424b-9868-57a2d4851a1d" />
    <TestEntry testId="8979fc32-abb9-1a2a-1f95-b091a1f14d74" executionId="ff8e8523-b39f-4e35-aedd-3a66fc01b632" testListId="8c84fa94-04c1-424b-9868-57a2d4851a1d" />
    <TestEntry testId="e9112083-de5a-8561-baaa-e3e1d88282f6" executionId="ddad8860-042a-4abb-af9c-318d02827894" testListId="8c84fa94-04c1-424b-9868-57a2d4851a1d" />
    <TestEntry testId="aa6cfc72-1369-81c8-9c24-d41925ae8c68" executionId="450d0ae4-b441-49d0-b7a0-2b6fa7160812" testListId="8c84fa94-04c1-424b-9868-57a2d4851a1d" />
    <TestEntry testId="d147e39d-6b77-5f8a-4fb6-8f9a020838e1" executionId="22926148-51d0-4146-9c22-c273776adc26" testListId="8c84fa94-04c1-424b-9868-57a2d4851a1d" />
    <TestEntry testId="51e1a4c7-c4b1-8262-78d3-f51a7b8ffd42" executionId="dfda6fd8-8d30-4cce-a423-480214303efc" testListId="8c84fa94-04c1-424b-9868-57a2d4851a1d" />
    <TestEntry testId="927b5717-48ef-e899-ef0c-616681c3927b" executionId="3366d23d-6ee6-40e7-9ff7-f911db1a4130" testListId="8c84fa94-04c1-424b-9868-57a2d4851a1d" />
    <TestEntry testId="bc9936cb-393f-3654-d75f-32ac6126e605" executionId="1e68c80f-8cb9-40d3-bca1-9264d2970dde" testListId="8c84fa94-04c1-424b-9868-57a2d4851a1d" />
    <TestEntry testId="8592cae3-095f-7efb-5c2a-5e3403c2e27b" executionId="3a994fce-cd38-42ae-95bf-1719352cb9bc" testListId="8c84fa94-04c1-424b-9868-57a2d4851a1d" />
  </TestEntries>
  <Results>
    <UnitTestResult executionId="4ebfa675-e984-4aad-a9bb-c18751a16781" testId="1128877a-8f43-c94e-983c-f5016a482185" testName="TraceManagerConstructorTest" computerName="LANFENGQI-PC" duration="00:01:22.7397324" startTime="2011-08-12T18:00:22.9699383-07:00" endTime="2011-08-12T18:01:45.7096707-07:00" testType="13cdc9d9-ddb5-4fa4-a97d-d965ccfc6d4b" outcome="Aborted" testListId="8c84fa94-04c1-424b-9868-57a2d4851a1d" relativeResultsDirectory="4ebfa675-e984-4aad-a9bb-c18751a16781">
    </UnitTestResult>
    <UnitTestResult executionId="5f9cd9db-dc76-4e96-9e3a-fc13a9a02d7b" testId="3897317a-4be0-b0e4-9186-bfbde7c62c29" testName="TraceCriticalTest" computerName="LANFENGQI-PC" testType="13cdc9d9-ddb5-4fa4-a97d-d965ccfc6d4b" outcome="NotExecuted" testListId="8c84fa94-04c1-424b-9868-57a2d4851a1d" relativeResultsDirectory="5f9cd9db-dc76-4e96-9e3a-fc13a9a02d7b">
    </UnitTestResult>
    <UnitTestResult executionId="ff8e8523-b39f-4e35-aedd-3a66fc01b632" testId="8979fc32-abb9-1a2a-1f95-b091a1f14d74" testName="TraceErrorTest" computerName="LANFENGQI-PC" testType="13cdc9d9-ddb5-4fa4-a97d-d965ccfc6d4b" outcome="NotExecuted" testListId="8c84fa94-04c1-424b-9868-57a2d4851a1d" relativeResultsDirectory="ff8e8523-b39f-4e35-aedd-3a66fc01b632">
    </UnitTestResult>
    <UnitTestResult executionId="ddad8860-042a-4abb-af9c-318d02827894" testId="e9112083-de5a-8561-baaa-e3e1d88282f6" testName="TraceInfoTest" computerName="LANFENGQI-PC" testType="13cdc9d9-ddb5-4fa4-a97d-d965ccfc6d4b" outcome="NotExecuted" testListId="8c84fa94-04c1-424b-9868-57a2d4851a1d" relativeResultsDirectory="ddad8860-042a-4abb-af9c-318d02827894">
    </UnitTestResult>
    <UnitTestResult executionId="450d0ae4-b441-49d0-b7a0-2b6fa7160812" testId="aa6cfc72-1369-81c8-9c24-d41925ae8c68" testName="TraceInternalTest" computerName="LANFENGQI-PC" testType="13cdc9d9-ddb5-4fa4-a97d-d965ccfc6d4b" outcome="NotExecuted" testListId="8c84fa94-04c1-424b-9868-57a2d4851a1d" relativeResultsDirectory="450d0ae4-b441-49d0-b7a0-2b6fa7160812">
    </UnitTestResult>
    <UnitTestResult executionId="22926148-51d0-4146-9c22-c273776adc26" testId="d147e39d-6b77-5f8a-4fb6-8f9a020838e1" testName="TraceStartTest" computerName="LANFENGQI-PC" testType="13cdc9d9-ddb5-4fa4-a97d-d965ccfc6d4b" outcome="NotExecuted" testListId="8c84fa94-04c1-424b-9868-57a2d4851a1d" relativeResultsDirectory="22926148-51d0-4146-9c22-c273776adc26">
    </UnitTestResult>
    <UnitTestResult executionId="dfda6fd8-8d30-4cce-a423-480214303efc" testId="51e1a4c7-c4b1-8262-78d3-f51a7b8ffd42" testName="TraceStartLogicalOperationTest" computerName="LANFENGQI-PC" testType="13cdc9d9-ddb5-4fa4-a97d-d965ccfc6d4b" outcome="NotExecuted" testListId="8c84fa94-04c1-424b-9868-57a2d4851a1d" relativeResultsDirectory="dfda6fd8-8d30-4cce-a423-480214303efc">
    </UnitTestResult>
    <UnitTestResult executionId="3366d23d-6ee6-40e7-9ff7-f911db1a4130" testId="927b5717-48ef-e899-ef0c-616681c3927b" testName="TraceStopTest" computerName="LANFENGQI-PC" testType="13cdc9d9-ddb5-4fa4-a97d-d965ccfc6d4b" outcome="NotExecuted" testListId="8c84fa94-04c1-424b-9868-57a2d4851a1d" relativeResultsDirectory="3366d23d-6ee6-40e7-9ff7-f911db1a4130">
    </UnitTestResult>
    <UnitTestResult executionId="1e68c80f-8cb9-40d3-bca1-9264d2970dde" testId="bc9936cb-393f-3654-d75f-32ac6126e605" testName="TraceStopLogicalOperationTest" computerName="LANFENGQI-PC" testType="13cdc9d9-ddb5-4fa4-a97d-d965ccfc6d4b" outcome="NotExecuted" testListId="8c84fa94-04c1-424b-9868-57a2d4851a1d" relativeResultsDirectory="1e68c80f-8cb9-40d3-bca1-9264d2970dde">
    </UnitTestResult>
    <UnitTestResult executionId="3a994fce-cd38-42ae-95bf-1719352cb9bc" testId="8592cae3-095f-7efb-5c2a-5e3403c2e27b" testName="TraceWarningTest" computerName="LANFENGQI-PC" testType="13cdc9d9-ddb5-4fa4-a97d-d965ccfc6d4b" outcome="NotExecuted" testListId="8c84fa94-04c1-424b-9868-57a2d4851a1d" relativeResultsDirectory="3a994fce-cd38-42ae-95bf-1719352cb9bc">
    </UnitTestResult>
  </Results>
</TestRun>