<?xml version="1.0" encoding="UTF-8"?>
<TestRun id="f3953395-d77d-40ef-abf0-ca09e4e36169" name="lanfengqi@LANFENGQI-PC 2011-08-12 18:04:03" runUser="lanfengqi-PC\lanfengqi" xmlns="http://microsoft.com/schemas/VisualStudio/TeamTest/2010">
  <TestSettings name="Local" id="224a7e31-8997-4a64-ae64-2d6254c7d994">
    <Description>These are default test settings for a local test run.</Description>
    <Deployment enabled="false" runDeploymentRoot="lanfengqi_LANFENGQI-PC 2011-08-12 18_04_03">
      <DeploymentItem filename="E:\010.app\Infrastructure.CrossCutting.NetFramework\bin\Debug\Infrastructure.CrossCutting.NetFramework.dll" />
      <DeploymentItem filename="E:\010.app\Infrastructure.CrossCutting\bin\Debug\Infrastructure.CrossCutting.dll" />
    </Deployment>
    <Execution>
      <TestTypeSpecific />
      <AgentRule name="Execution Agents">
      </AgentRule>
    </Execution>
  </TestSettings>
  <Times creation="2011-08-12T18:04:03.7885684-07:00" queuing="2011-08-12T18:04:06.4097183-07:00" start="2011-08-12T18:04:06.7917402-07:00" finish="2011-08-12T18:09:27.4300796-07:00" />
  <ResultSummary outcome="Error">
    <Counters total="10" executed="1" error="0" failed="0" timeout="0" aborted="1" inconclusive="0" passedButRunAborted="0" notRunnable="0" notExecuted="9" disconnected="0" warning="0" passed="0" completed="0" inProgress="0" pending="0" />
    <RunInfos>
      <RunInfo computerName="LANFENGQI-PC" outcome="Error" timestamp="2011-08-12T18:09:27.4240793-07:00">
        <Text>Test host process exited unexpectedly.</Text>
      </RunInfo>
    </RunInfos>
  </ResultSummary>
  <TestDefinitions>
    <UnitTest name="TraceStopTest" storage="e:\010.app\infrastructure.crosscutting.netframework.tests\bin\debug\infrastructure.crosscutting.netframework.tests.dll" id="927b5717-48ef-e899-ef0c-616681c3927b">
      <Execution id="22d582b9-8ee0-43b0-9011-fba2bbdb303a" />
      <TestMethod codeBase="E:/010.app/Infrastructure.CrossCutting.NetFramework.Tests/bin/Debug/Infrastructure.CrossCutting.NetFramework.Tests.DLL" adapterTypeName="Microsoft.VisualStudio.TestTools.TestTypes.Unit.UnitTestAdapter, Microsoft.VisualStudio.QualityTools.Tips.UnitTest.Adapter, Version=10.0.0.0, Culture=neutral, PublicKeyToken=b03f5f7f11d50a3a" className="Infrastructure.CrossCutting.NetFramework.Tests.TraceManagerTest, Infrastructure.CrossCutting.NetFramework.Tests, Version=1.0.0.0, Culture=neutral, PublicKeyToken=null" name="TraceStopTest" />
    </UnitTest>
    <UnitTest name="TraceInfoTest" storage="e:\010.app\infrastructure.crosscutting.netframework.tests\bin\debug\infrastructure.crosscutting.netframework.tests.dll" id="e9112083-de5a-8561-baaa-e3e1d88282f6">
      <Execution id="c6b82cfd-e165-46aa-ae72-18b546843339" />
      <TestMethod codeBase="E:/010.app/Infrastructure.CrossCutting.NetFramework.Tests/bin/Debug/Infrastructure.CrossCutting.NetFramework.Tests.DLL" adapterTypeName="Microsoft.VisualStudio.TestTools.TestTypes.Unit.UnitTestAdapter, Microsoft.VisualStudio.QualityTools.Tips.UnitTest.Adapter, Version=10.0.0.0, Culture=neutral, PublicKeyToken=b03f5f7f11d50a3a" className="Infrastructure.CrossCutting.NetFramework.Tests.TraceManagerTest, Infrastructure.CrossCutting.NetFramework.Tests, Version=1.0.0.0, Culture=neutral, PublicKeyToken=null" name="TraceInfoTest" />
    </UnitTest>
    <UnitTest name="TraceCriticalTest" storage="e:\010.app\infrastructure.crosscutting.netframework.tests\bin\debug\infrastructure.crosscutting.netframework.tests.dll" id="3897317a-4be0-b0e4-9186-bfbde7c62c29">
      <Execution id="982ac9b1-7dc8-4307-b0dd-8daa9ffa6cf1" />
      <TestMethod codeBase="E:/010.app/Infrastructure.CrossCutting.NetFramework.Tests/bin/Debug/Infrastructure.CrossCutting.NetFramework.Tests.DLL" adapterTypeName="Microsoft.VisualStudio.TestTools.TestTypes.Unit.UnitTestAdapter, Microsoft.VisualStudio.QualityTools.Tips.UnitTest.Adapter, Version=10.0.0.0, Culture=neutral, PublicKeyToken=b03f5f7f11d50a3a" className="Infrastructure.CrossCutting.NetFramework.Tests.TraceManagerTest, Infrastructure.CrossCutting.NetFramework.Tests, Version=1.0.0.0, Culture=neutral, PublicKeyToken=null" name="TraceCriticalTest" />
    </UnitTest>
    <UnitTest name="TraceManagerConstructorTest" storage="e:\010.app\infrastructure.crosscutting.netframework.tests\bin\debug\infrastructure.crosscutting.netframework.tests.dll" id="1128877a-8f43-c94e-983c-f5016a482185">
      <Execution id="332d829b-9b93-4e6a-be04-06d6821fb69f" />
      <TestMethod codeBase="E:/010.app/Infrastructure.CrossCutting.NetFramework.Tests/bin/Debug/Infrastructure.CrossCutting.NetFramework.Tests.DLL" adapterTypeName="Microsoft.VisualStudio.TestTools.TestTypes.Unit.UnitTestAdapter, Microsoft.VisualStudio.QualityTools.Tips.UnitTest.Adapter, Version=10.0.0.0, Culture=neutral, PublicKeyToken=b03f5f7f11d50a3a" className="Infrastructure.CrossCutting.NetFramework.Tests.TraceManagerTest, Infrastructure.CrossCutting.NetFramework.Tests, Version=1.0.0.0, Culture=neutral, PublicKeyToken=null" name="TraceManagerConstructorTest" />
    </UnitTest>
    <UnitTest name="TraceStartTest" storage="e:\010.app\infrastructure.crosscutting.netframework.tests\bin\debug\infrastructure.crosscutting.netframework.tests.dll" id="d147e39d-6b77-5f8a-4fb6-8f9a020838e1">
      <Execution id="4524be11-d04d-4b7c-9c0e-f8cc3ab80e52" />
      <TestMethod codeBase="E:/010.app/Infrastructure.CrossCutting.NetFramework.Tests/bin/Debug/Infrastructure.CrossCutting.NetFramework.Tests.DLL" adapterTypeName="Microsoft.VisualStudio.TestTools.TestTypes.Unit.UnitTestAdapter, Microsoft.VisualStudio.QualityTools.Tips.UnitTest.Adapter, Version=10.0.0.0, Culture=neutral, PublicKeyToken=b03f5f7f11d50a3a" className="Infrastructure.CrossCutting.NetFramework.Tests.TraceManagerTest, Infrastructure.CrossCutting.NetFramework.Tests, Version=1.0.0.0, Culture=neutral, PublicKeyToken=null" name="TraceStartTest" />
    </UnitTest>
    <UnitTest name="TraceInternalTest" storage="e:\010.app\infrastructure.crosscutting.netframework.tests\bin\debug\infrastructure.crosscutting.netframework.tests.dll" id="aa6cfc72-1369-81c8-9c24-d41925ae8c68">
      <DeploymentItems>
        <DeploymentItem filename="Infrastructure.CrossCutting.NetFramework.dll" />
      </DeploymentItems>
      <Execution id="4e123df0-cdbf-42ce-9b6b-acce24ee2d59" />
      <TestMethod codeBase="E:/010.app/Infrastructure.CrossCutting.NetFramework.Tests/bin/Debug/Infrastructure.CrossCutting.NetFramework.Tests.DLL" adapterTypeName="Microsoft.VisualStudio.TestTools.TestTypes.Unit.UnitTestAdapter, Microsoft.VisualStudio.QualityTools.Tips.UnitTest.Adapter, Version=10.0.0.0, Culture=neutral, PublicKeyToken=b03f5f7f11d50a3a" className="Infrastructure.CrossCutting.NetFramework.Tests.TraceManagerTest, Infrastructure.CrossCutting.NetFramework.Tests, Version=1.0.0.0, Culture=neutral, PublicKeyToken=null" name="TraceInternalTest" />
    </UnitTest>
    <UnitTest name="TraceWarningTest" storage="e:\010.app\infrastructure.crosscutting.netframework.tests\bin\debug\infrastructure.crosscutting.netframework.tests.dll" id="8592cae3-095f-7efb-5c2a-5e3403c2e27b">
      <Execution id="341b96a1-84c9-48f0-9a3b-7af53923006a" />
      <TestMethod codeBase="E:/010.app/Infrastructure.CrossCutting.NetFramework.Tests/bin/Debug/Infrastructure.CrossCutting.NetFramework.Tests.DLL" adapterTypeName="Microsoft.VisualStudio.TestTools.TestTypes.Unit.UnitTestAdapter, Microsoft.VisualStudio.QualityTools.Tips.UnitTest.Adapter, Version=10.0.0.0, Culture=neutral, PublicKeyToken=b03f5f7f11d50a3a" className="Infrastructure.CrossCutting.NetFramework.Tests.TraceManagerTest, Infrastructure.CrossCutting.NetFramework.Tests, Version=1.0.0.0, Culture=neutral, PublicKeyToken=null" name="TraceWarningTest" />
    </UnitTest>
    <UnitTest name="TraceErrorTest" storage="e:\010.app\infrastructure.crosscutting.netframework.tests\bin\debug\infrastructure.crosscutting.netframework.tests.dll" id="8979fc32-abb9-1a2a-1f95-b091a1f14d74">
      <Execution id="7c696dbe-991e-48e2-98a7-1ba7322a7968" />
      <TestMethod codeBase="E:/010.app/Infrastructure.CrossCutting.NetFramework.Tests/bin/Debug/Infrastructure.CrossCutting.NetFramework.Tests.DLL" adapterTypeName="Microsoft.VisualStudio.TestTools.TestTypes.Unit.UnitTestAdapter, Microsoft.VisualStudio.QualityTools.Tips.UnitTest.Adapter, Version=10.0.0.0, Culture=neutral, PublicKeyToken=b03f5f7f11d50a3a" className="Infrastructure.CrossCutting.NetFramework.Tests.TraceManagerTest, Infrastructure.CrossCutting.NetFramework.Tests, Version=1.0.0.0, Culture=neutral, PublicKeyToken=null" name="TraceErrorTest" />
    </UnitTest>
    <UnitTest name="TraceStartLogicalOperationTest" storage="e:\010.app\infrastructure.crosscutting.netframework.tests\bin\debug\infrastructure.crosscutting.netframework.tests.dll" id="51e1a4c7-c4b1-8262-78d3-f51a7b8ffd42">
      <Execution id="7afc2efc-f9ba-4ad2-a360-eb9cf6d6c159" />
      <TestMethod codeBase="E:/010.app/Infrastructure.CrossCutting.NetFramework.Tests/bin/Debug/Infrastructure.CrossCutting.NetFramework.Tests.DLL" adapterTypeName="Microsoft.VisualStudio.TestTools.TestTypes.Unit.UnitTestAdapter, Microsoft.VisualStudio.QualityTools.Tips.UnitTest.Adapter, Version=10.0.0.0, Culture=neutral, PublicKeyToken=b03f5f7f11d50a3a" className="Infrastructure.CrossCutting.NetFramework.Tests.TraceManagerTest, Infrastructure.CrossCutting.NetFramework.Tests, Version=1.0.0.0, Culture=neutral, PublicKeyToken=null" name="TraceStartLogicalOperationTest" />
    </UnitTest>
    <UnitTest name="TraceStopLogicalOperationTest" storage="e:\010.app\infrastructure.crosscutting.netframework.tests\bin\debug\infrastructure.crosscutting.netframework.tests.dll" id="bc9936cb-393f-3654-d75f-32ac6126e605">
      <Execution id="b33a9d38-dee7-47ba-bfcc-89d51f42ebe4" />
      <TestMethod codeBase="E:/010.app/Infrastructure.CrossCutting.NetFramework.Tests/bin/Debug/Infrastructure.CrossCutting.NetFramework.Tests.DLL" adapterTypeName="Microsoft.VisualStudio.TestTools.TestTypes.Unit.UnitTestAdapter, Microsoft.VisualStudio.QualityTools.Tips.UnitTest.Adapter, Version=10.0.0.0, Culture=neutral, PublicKeyToken=b03f5f7f11d50a3a" className="Infrastructure.CrossCutting.NetFramework.Tests.TraceManagerTest, Infrastructure.CrossCutting.NetFramework.Tests, Version=1.0.0.0, Culture=neutral, PublicKeyToken=null" name="TraceStopLogicalOperationTest" />
    </UnitTest>
  </TestDefinitions>
  <TestLists>
    <TestList name="Results Not in a List" id="8c84fa94-04c1-424b-9868-57a2d4851a1d" />
    <TestList name="All Loaded Results" id="19431567-8539-422a-85d7-44ee4e166bda" />
  </TestLists>
  <TestEntries>
    <TestEntry testId="1128877a-8f43-c94e-983c-f5016a482185" executionId="332d829b-9b93-4e6a-be04-06d6821fb69f" testListId="8c84fa94-04c1-424b-9868-57a2d4851a1d" />
    <TestEntry testId="3897317a-4be0-b0e4-9186-bfbde7c62c29" executionId="982ac9b1-7dc8-4307-b0dd-8daa9ffa6cf1" testListId="8c84fa94-04c1-424b-9868-57a2d4851a1d" />
    <TestEntry testId="8979fc32-abb9-1a2a-1f95-b091a1f14d74" executionId="7c696dbe-991e-48e2-98a7-1ba7322a7968" testListId="8c84fa94-04c1-424b-9868-57a2d4851a1d" />
    <TestEntry testId="e9112083-de5a-8561-baaa-e3e1d88282f6" executionId="c6b82cfd-e165-46aa-ae72-18b546843339" testListId="8c84fa94-04c1-424b-9868-57a2d4851a1d" />
    <TestEntry testId="aa6cfc72-1369-81c8-9c24-d41925ae8c68" executionId="4e123df0-cdbf-42ce-9b6b-acce24ee2d59" testListId="8c84fa94-04c1-424b-9868-57a2d4851a1d" />
    <TestEntry testId="d147e39d-6b77-5f8a-4fb6-8f9a020838e1" executionId="4524be11-d04d-4b7c-9c0e-f8cc3ab80e52" testListId="8c84fa94-04c1-424b-9868-57a2d4851a1d" />
    <TestEntry testId="51e1a4c7-c4b1-8262-78d3-f51a7b8ffd42" executionId="7afc2efc-f9ba-4ad2-a360-eb9cf6d6c159" testListId="8c84fa94-04c1-424b-9868-57a2d4851a1d" />
    <TestEntry testId="927b5717-48ef-e899-ef0c-616681c3927b" executionId="22d582b9-8ee0-43b0-9011-fba2bbdb303a" testListId="8c84fa94-04c1-424b-9868-57a2d4851a1d" />
    <TestEntry testId="bc9936cb-393f-3654-d75f-32ac6126e605" executionId="b33a9d38-dee7-47ba-bfcc-89d51f42ebe4" testListId="8c84fa94-04c1-424b-9868-57a2d4851a1d" />
    <TestEntry testId="8592cae3-095f-7efb-5c2a-5e3403c2e27b" executionId="341b96a1-84c9-48f0-9a3b-7af53923006a" testListId="8c84fa94-04c1-424b-9868-57a2d4851a1d" />
  </TestEntries>
  <Results>
    <UnitTestResult executionId="332d829b-9b93-4e6a-be04-06d6821fb69f" testId="1128877a-8f43-c94e-983c-f5016a482185" testName="TraceManagerConstructorTest" computerName="LANFENGQI-PC" duration="00:05:20.3313219" startTime="2011-08-12T18:04:07.0977577-07:00" endTime="2011-08-12T18:09:27.4290796-07:00" testType="13cdc9d9-ddb5-4fa4-a97d-d965ccfc6d4b" outcome="Aborted" testListId="8c84fa94-04c1-424b-9868-57a2d4851a1d" relativeResultsDirectory="332d829b-9b93-4e6a-be04-06d6821fb69f">
    </UnitTestResult>
    <UnitTestResult executionId="982ac9b1-7dc8-4307-b0dd-8daa9ffa6cf1" testId="3897317a-4be0-b0e4-9186-bfbde7c62c29" testName="TraceCriticalTest" computerName="LANFENGQI-PC" testType="13cdc9d9-ddb5-4fa4-a97d-d965ccfc6d4b" outcome="NotExecuted" testListId="8c84fa94-04c1-424b-9868-57a2d4851a1d" relativeResultsDirectory="982ac9b1-7dc8-4307-b0dd-8daa9ffa6cf1">
    </UnitTestResult>
    <UnitTestResult executionId="7c696dbe-991e-48e2-98a7-1ba7322a7968" testId="8979fc32-abb9-1a2a-1f95-b091a1f14d74" testName="TraceErrorTest" computerName="LANFENGQI-PC" testType="13cdc9d9-ddb5-4fa4-a97d-d965ccfc6d4b" outcome="NotExecuted" testListId="8c84fa94-04c1-424b-9868-57a2d4851a1d" relativeResultsDirectory="7c696dbe-991e-48e2-98a7-1ba7322a7968">
    </UnitTestResult>
    <UnitTestResult executionId="c6b82cfd-e165-46aa-ae72-18b546843339" testId="e9112083-de5a-8561-baaa-e3e1d88282f6" testName="TraceInfoTest" computerName="LANFENGQI-PC" testType="13cdc9d9-ddb5-4fa4-a97d-d965ccfc6d4b" outcome="NotExecuted" testListId="8c84fa94-04c1-424b-9868-57a2d4851a1d" relativeResultsDirectory="c6b82cfd-e165-46aa-ae72-18b546843339">
    </UnitTestResult>
    <UnitTestResult executionId="4e123df0-cdbf-42ce-9b6b-acce24ee2d59" testId="aa6cfc72-1369-81c8-9c24-d41925ae8c68" testName="TraceInternalTest" computerName="LANFENGQI-PC" testType="13cdc9d9-ddb5-4fa4-a97d-d965ccfc6d4b" outcome="NotExecuted" testListId="8c84fa94-04c1-424b-9868-57a2d4851a1d" relativeResultsDirectory="4e123df0-cdbf-42ce-9b6b-acce24ee2d59">
    </UnitTestResult>
    <UnitTestResult executionId="4524be11-d04d-4b7c-9c0e-f8cc3ab80e52" testId="d147e39d-6b77-5f8a-4fb6-8f9a020838e1" testName="TraceStartTest" computerName="LANFENGQI-PC" testType="13cdc9d9-ddb5-4fa4-a97d-d965ccfc6d4b" outcome="NotExecuted" testListId="8c84fa94-04c1-424b-9868-57a2d4851a1d" relativeResultsDirectory="4524be11-d04d-4b7c-9c0e-f8cc3ab80e52">
    </UnitTestResult>
    <UnitTestResult executionId="7afc2efc-f9ba-4ad2-a360-eb9cf6d6c159" testId="51e1a4c7-c4b1-8262-78d3-f51a7b8ffd42" testName="TraceStartLogicalOperationTest" computerName="LANFENGQI-PC" testType="13cdc9d9-ddb5-4fa4-a97d-d965ccfc6d4b" outcome="NotExecuted" testListId="8c84fa94-04c1-424b-9868-57a2d4851a1d" relativeResultsDirectory="7afc2efc-f9ba-4ad2-a360-eb9cf6d6c159">
    </UnitTestResult>
    <UnitTestResult executionId="22d582b9-8ee0-43b0-9011-fba2bbdb303a" testId="927b5717-48ef-e899-ef0c-616681c3927b" testName="TraceStopTest" computerName="LANFENGQI-PC" testType="13cdc9d9-ddb5-4fa4-a97d-d965ccfc6d4b" outcome="NotExecuted" testListId="8c84fa94-04c1-424b-9868-57a2d4851a1d" relativeResultsDirectory="22d582b9-8ee0-43b0-9011-fba2bbdb303a">
    </UnitTestResult>
    <UnitTestResult executionId="b33a9d38-dee7-47ba-bfcc-89d51f42ebe4" testId="bc9936cb-393f-3654-d75f-32ac6126e605" testName="TraceStopLogicalOperationTest" computerName="LANFENGQI-PC" testType="13cdc9d9-ddb5-4fa4-a97d-d965ccfc6d4b" outcome="NotExecuted" testListId="8c84fa94-04c1-424b-9868-57a2d4851a1d" relativeResultsDirectory="b33a9d38-dee7-47ba-bfcc-89d51f42ebe4">
    </UnitTestResult>
    <UnitTestResult executionId="341b96a1-84c9-48f0-9a3b-7af53923006a" testId="8592cae3-095f-7efb-5c2a-5e3403c2e27b" testName="TraceWarningTest" computerName="LANFENGQI-PC" testType="13cdc9d9-ddb5-4fa4-a97d-d965ccfc6d4b" outcome="NotExecuted" testListId="8c84fa94-04c1-424b-9868-57a2d4851a1d" relativeResultsDirectory="341b96a1-84c9-48f0-9a3b-7af53923006a">
    </UnitTestResult>
  </Results>
</TestRun>