<?xml version="1.0" encoding="UTF-8"?>
<TestRun id="060495ad-c9c2-4f7f-bc6a-1ed3f6494150" name="lanfengqi@LANFENGQI-PC 2011-08-12 18:17:36" runUser="lanfengqi-PC\lanfengqi" xmlns="http://microsoft.com/schemas/VisualStudio/TeamTest/2010">
  <TestSettings name="Local" id="224a7e31-8997-4a64-ae64-2d6254c7d994">
    <Description>These are default test settings for a local test run.</Description>
    <Deployment enabled="false" runDeploymentRoot="lanfengqi_LANFENGQI-PC 2011-08-12 18_17_36">
      <DeploymentItem filename="E:\010.app\Infrastructure.CrossCutting.NetFramework\bin\Debug\Infrastructure.CrossCutting.NetFramework.dll" />
      <DeploymentItem filename="E:\010.app\Infrastructure.CrossCutting\bin\Debug\Infrastructure.CrossCutting.dll" />
    </Deployment>
    <Execution>
      <TestTypeSpecific />
      <AgentRule name="Execution Agents">
      </AgentRule>
    </Execution>
  </TestSettings>
  <Times creation="2011-08-12T18:17:36.7390665-07:00" queuing="2011-08-12T18:17:36.7620678-07:00" start="2011-08-12T18:17:36.7960698-07:00" finish="2011-08-12T18:17:37.3741028-07:00" />
  <ResultSummary outcome="Completed">
    <Counters total="1" executed="1" passed="1" error="0" failed="0" timeout="0" aborted="0" inconclusive="0" passedButRunAborted="0" notRunnable="0" notExecuted="0" disconnected="0" warning="0" completed="0" inProgress="0" pending="0" />
  </ResultSummary>
  <TestDefinitions>
    <UnitTest name="TraceWarningTest" storage="e:\010.app\infrastructure.crosscutting.netframework.tests\bin\debug\infrastructure.crosscutting.netframework.tests.dll" id="8592cae3-095f-7efb-5c2a-5e3403c2e27b">
      <Execution id="98ac75ea-1672-4d29-b8b0-75caa534d77f" />
      <TestMethod codeBase="E:/010.app/Infrastructure.CrossCutting.NetFramework.Tests/bin/Debug/Infrastructure.CrossCutting.NetFramework.Tests.DLL" adapterTypeName="Microsoft.VisualStudio.TestTools.TestTypes.Unit.UnitTestAdapter, Microsoft.VisualStudio.QualityTools.Tips.UnitTest.Adapter, Version=10.0.0.0, Culture=neutral, PublicKeyToken=b03f5f7f11d50a3a" className="Infrastructure.CrossCutting.NetFramework.Tests.TraceManagerTest, Infrastructure.CrossCutting.NetFramework.Tests, Version=1.0.0.0, Culture=neutral, PublicKeyToken=null" name="TraceWarningTest" />
    </UnitTest>
  </TestDefinitions>
  <TestLists>
    <TestList name="Results Not in a List" id="8c84fa94-04c1-424b-9868-57a2d4851a1d" />
    <TestList name="All Loaded Results" id="19431567-8539-422a-85d7-44ee4e166bda" />
  </TestLists>
  <TestEntries>
    <TestEntry testId="8592cae3-095f-7efb-5c2a-5e3403c2e27b" executionId="98ac75ea-1672-4d29-b8b0-75caa534d77f" testListId="8c84fa94-04c1-424b-9868-57a2d4851a1d" />
  </TestEntries>
  <Results>
    <UnitTestResult executionId="98ac75ea-1672-4d29-b8b0-75caa534d77f" testId="8592cae3-095f-7efb-5c2a-5e3403c2e27b" testName="TraceWarningTest" computerName="LANFENGQI-PC" duration="00:00:00.0303750" startTime="2011-08-12T18:17:36.8230713-07:00" endTime="2011-08-12T18:17:37.2660966-07:00" testType="13cdc9d9-ddb5-4fa4-a97d-d965ccfc6d4b" outcome="Passed" testListId="8c84fa94-04c1-424b-9868-57a2d4851a1d" relativeResultsDirectory="98ac75ea-1672-4d29-b8b0-75caa534d77f">
    </UnitTestResult>
  </Results>
</TestRun>